<?xml version="1.0" encoding="UTF-8"?>
<!-- Generated by org.testng.reporters.JUnitXMLReporter -->
<testsuite hostname="pc" name="Command line test" tests="2" failures="0" timestamp="3 Jul 2014 09:38:52 GMT" time="0.16" errors="0">
  <testcase name="@BeforeTest setUpDriver" time="0.0" classname="com.intellisqa.app.AppTest">
    <failure type="java.lang.IllegalStateException" message="The driver executable does not exist: D:\Data\chromedriver.exe">
      <![CDATA[java.lang.IllegalStateException: The driver executable does not exist: D:\Data\chromedriver.exe
	at com.google.common.base.Preconditions.checkState(Preconditions.java:176)
	at org.openqa.selenium.remote.service.DriverService.checkExecutable(DriverService.java:117)
	at org.openqa.selenium.remote.service.DriverService.findExecutable(DriverService.java:112)
	at org.openqa.selenium.chrome.ChromeDriverService.createDefaultService(ChromeDriverService.java:89)
	at org.openqa.selenium.chrome.ChromeDriver.<init>(ChromeDriver.java:128)
	at com.intellisqa.app.AppTest.setUpDriver(AppTest.java:34)
	at org.apache.maven.surefire.testng.TestNGExecutor.run(TestNGExecutor.java:77)
	at org.apache.maven.surefire.testng.TestNGDirectoryTestSuite.executeMulti(TestNGDirectoryTestSuite.java:159)
	at org.apache.maven.surefire.testng.TestNGDirectoryTestSuite.execute(TestNGDirectoryTestSuite.java:99)
	at org.apache.maven.surefire.testng.TestNGProvider.invoke(TestNGProvider.java:106)
	at org.apache.maven.surefire.util.ReflectionUtils.invokeMethodWithArray(ReflectionUtils.java:189)
	at org.apache.maven.surefire.booter.ProviderFactory$ProviderProxy.invoke(ProviderFactory.java:165)
	at org.apache.maven.surefire.booter.ProviderFactory.invokeProvider(ProviderFactory.java:85)
	at org.apache.maven.surefire.booter.ForkedBooter.runSuitesInProcess(ForkedBooter.java:115)
	at org.apache.maven.surefire.booter.ForkedBooter.main(ForkedBooter.java:75)
... Removed 23 stack frames]]>
    </failure>
  </testcase> <!-- @BeforeTest setUpDriver -->
  <testcase name="@BeforeTest setUpDriver" time="0.0" classname="com.intellisqa.app.AppTest">
    <skipped/>
  </testcase> <!-- @BeforeTest setUpDriver -->
  <testcase name="@AfterClass tearDown" time="0.0" classname="com.intellisqa.app.AppTest">
    <skipped/>
  </testcase> <!-- @AfterClass tearDown -->
  <testcase name="@AfterClass tearDown" time="0.0" classname="com.intellisqa.app.SecuruscontactsystemsTest">
    <skipped/>
  </testcase> <!-- @AfterClass tearDown -->
  <testcase name="Filedownloading" time="0.002" classname="com.intellisqa.app.AppTest">
    <skipped/>
  </testcase> <!-- Filedownloading -->
  <testcase name="Filedownloading" time="0.0" classname="com.intellisqa.app.SecuruscontactsystemsTest">
    <skipped/>
  </testcase> <!-- Filedownloading -->
</testsuite> <!-- Command line test -->
